IQ-TREE multicore version 2.0.3 for Linux 64-bit built Apr 26 2020
Developed by Bui Quang Minh, Nguyen Lam Tung, Olga Chernomor,
Heiko Schmidt, Dominik Schrempf, Michael Woodhams.

Host:    ip-172-31-11-198 (AVX2, FMA3, 0 GB RAM)
Command: iqtree -s clus_khaten -nt AUTO -m TEST -bb 1000
Seed:    951568 (Using SPRNG - Scalable Parallel Random Number Generator)
Time:    Thu Aug 13 17:26:31 2020
Kernel:  AVX+FMA - auto-detect threads (1 CPU cores detected)

Reading alignment file clus_khaten ... Fasta format detected
Alignment most likely contains protein sequences
Alignment has 20 sequences with 4368 columns, 1239 distinct patterns
1314 parsimony-informative, 576 singleton sites, 2478 constant sites
            Gap/Ambiguity  Composition  p-value
   1  2539          4.53%    passed    100.00%
   2  ATCC_23114    4.53%    passed    100.00%
   3  SS25          4.53%    passed    100.00%
   4  A136          4.53%    passed    100.00%
   5  PX1114        4.53%    passed    100.00%
   6  475           4.53%    passed    100.00%
   7  FBG           4.53%    passed    100.00%
   8  8958          4.51%    passed    100.00%
   9  SP10291       4.53%    passed    100.00%
  10  LBD-4         4.53%    passed    100.00%
  11  SS10          4.53%    passed    100.00%
  12  SP3615        4.53%    passed    100.00%
  13  Sprott        4.53%    passed    100.00%
  14  TO0613        4.53%    passed    100.00%
  15  VO31120       4.53%    passed    100.00%
  16  SP2565        0.78%    passed     95.79%
  17  4235         50.27%    passed     19.83%
  18  AF1          50.14%    passed     25.24%
  19  35           50.82%    passed     17.31%
  20  4788         54.81%    failed      1.48%
WARNING: 4 sequences contain more than 50% gaps/ambiguity
****  TOTAL        13.74%  1 sequences failed composition chi2 test (p-value<5%; df=19)


Create initial parsimony tree by phylogenetic likelihood library (PLL)... 0.010 seconds
Measuring multi-threading efficiency up to 1 CPU cores
Increase to 10 rounds for branch lengths
2 trees examined
Threads: 1 / Time: 1.495 sec / Speedup: 1.000 / Efficiency: 100% / LogL: -34868
BEST NUMBER OF THREADS: 1

Perform fast likelihood tree search using LG+I+G model...
Estimate model parameters (epsilon = 5.000)
Perform nearest neighbor interchange...
Estimate model parameters (epsilon = 1.000)
1. Initial log-likelihood: -26090.285
2. Current log-likelihood: -26087.713
3. Current log-likelihood: -26085.516
4. Current log-likelihood: -26083.600
5. Current log-likelihood: -26081.955
6. Current log-likelihood: -26080.510
7. Current log-likelihood: -26079.290
8. Current log-likelihood: -26078.269
Optimal log-likelihood: -26077.352
Proportion of invariable sites: 0.204
Gamma shape alpha: 0.422
Parameters optimization took 8 rounds (3.492 sec)
Time for fast ML tree search: 5.363 seconds

NOTE: ModelFinder requires 20 MB RAM!
ModelFinder will test up to 168 protein models (sample size: 4368) ...
 No. Model         -LnL         df  AIC          AICc         BIC
  1  LG            27052.742    37  54179.484    54180.133    54415.620
  2  LG+I          26349.530    38  52775.061    52775.746    53017.579
  3  LG+G4         26103.643    38  52283.286    52283.971    52525.805
  4  LG+I+G4       26082.242    39  52242.483    52243.204    52491.384
  8  LG+F+I+G4     25825.956    58  51767.911    51769.499    52138.071
 12  WAG+I+G4      25982.432    39  52042.863    52043.584    52291.764
 16  WAG+F+I+G4    25655.658    58  51427.315    51428.904    51797.475
 20  JTT+I+G4      26052.327    39  52182.654    52183.375    52431.554
 24  JTT+F+I+G4    25697.241    58  51510.481    51512.070    51880.641
 28  JTTDCMut+I+G4 26050.599    39  52179.198    52179.919    52428.099
 32  JTTDCMut+F+I+G4 25697.405    58  51510.810    51512.399    51880.970
 36  DCMut+I+G4    26189.752    39  52457.503    52458.224    52706.404
 40  DCMut+F+I+G4  25730.426    58  51576.852    51578.440    51947.011
 44  VT+I+G4       25891.107    39  51860.213    51860.934    52109.114
 48  VT+F+I+G4     25613.985    58  51343.971    51345.559    51714.130
 52  PMB+I+G4      26104.002    39  52286.004    52286.725    52534.904
 56  PMB+F+I+G4    25638.051    58  51392.102    51393.690    51762.261
 60  Blosum62+I+G4 26016.047    39  52110.093    52110.814    52358.993
 64  Blosum62+F+I+G4 25676.142    58  51468.283    51469.872    51838.443
 68  Dayhoff+I+G4  26191.524    39  52461.049    52461.770    52709.949
 72  Dayhoff+F+I+G4 25732.366    58  51580.733    51582.321    51950.892
 76  mtREV+I+G4    27506.527    39  55091.054    55091.775    55339.955
 80  mtREV+F+I+G4  25897.291    58  51910.583    51912.171    52280.742
 84  mtART+I+G4    27907.896    39  55893.791    55894.512    56142.691
 88  mtART+F+I+G4  26193.330    58  52502.660    52504.248    52872.819
 92  mtZOA+I+G4    27704.551    39  55487.102    55487.823    55736.003
 96  mtZOA+F+I+G4  26057.606    58  52231.211    52232.800    52601.371
100  mtMet+I+G4    27400.498    39  54878.997    54879.718    55127.897
104  mtMet+F+I+G4  25943.920    58  52003.840    52005.428    52373.999
108  mtVer+I+G4    27751.240    39  55580.480    55581.201    55829.380
112  mtVer+F+I+G4  26100.049    58  52316.099    52317.687    52686.258
116  mtInv+I+G4    27546.619    39  55171.237    55171.958    55420.138
120  mtInv+F+I+G4  25870.297    58  51856.594    51858.183    52226.754
124  mtMAM+I+G4    27977.055    39  56032.110    56032.831    56281.010
128  mtMAM+F+I+G4  26276.379    58  52668.757    52670.345    53038.917
132  HIVb+I+G4     26364.081    39  52806.162    52806.883    53055.062
136  HIVb+F+I+G4   25923.683    58  51963.366    51964.955    52333.526
140  HIVw+I+G4     26580.772    39  53239.544    53240.265    53488.444
144  HIVw+F+I+G4   26022.289    58  52160.578    52162.167    52530.738
148  FLU+I+G4      26281.775    39  52641.551    52642.272    52890.451
152  FLU+F+I+G4    25926.366    58  51968.733    51970.321    52338.892
156  rtREV+I+G4    26269.732    39  52617.463    52618.184    52866.364
160  rtREV+F+I+G4  25844.607    58  51805.213    51806.802    52175.373
164  cpREV+I+G4    26098.184    39  52274.369    52275.090    52523.269
168  cpREV+F+I+G4  25703.277    58  51522.555    51524.143    51892.714
Akaike Information Criterion:           VT+F+I+G4
Corrected Akaike Information Criterion: VT+F+I+G4
Bayesian Information Criterion:         VT+F+I+G4
Best-fit model: VT+F+I+G4 chosen according to BIC

All model information printed to clus_khaten.model.gz
CPU time for ModelFinder: 87.391 seconds (0h:1m:27s)
Wall-clock time for ModelFinder: 87.479 seconds (0h:1m:27s)
Generating 1000 samples for ultrafast bootstrap (seed: 951568)...

NOTE: 20 MB RAM (0 GB) is required!
Estimate model parameters (epsilon = 0.100)
Thoroughly optimizing +I+G parameters from 10 start values...
Init pinv, alpha: 0.000, 0.363 / Estimate: 0.000, 0.268 / LogL: -25628.120
Init pinv, alpha: 0.063, 0.363 / Estimate: 0.064, 0.304 / LogL: -25619.241
Init pinv, alpha: 0.126, 0.363 / Estimate: 0.126, 0.355 / LogL: -25614.516
Init pinv, alpha: 0.189, 0.363 / Estimate: 0.174, 0.402 / LogL: -25611.651
Init pinv, alpha: 0.252, 0.363 / Estimate: 0.176, 0.393 / LogL: -25607.457
Init pinv, alpha: 0.315, 0.363 / Estimate: 0.178, 0.385 / LogL: -25603.183
Init pinv, alpha: 0.378, 0.363 / Estimate: 0.178, 0.373 / LogL: -25598.652
Init pinv, alpha: 0.441, 0.363 / Estimate: 0.180, 0.363 / LogL: -25594.014
Init pinv, alpha: 0.504, 0.363 / Estimate: 0.179, 0.349 / LogL: -25589.045
Init pinv, alpha: 0.567, 0.363 / Estimate: 0.179, 0.335 / LogL: -25583.842
Optimal pinv,alpha: 0.179, 0.335 / LogL: -25583.842

Parameters optimization took 73.497 sec
Computing ML distances based on estimated model parameters... 0.088 sec
WARNING: Some pairwise ML distances are too long (saturated)
Computing BIONJ tree...
0.000 seconds
Log-likelihood of BIONJ tree: -25639.116
--------------------------------------------------------------------
|             INITIALIZING CANDIDATE TREE SET                      |
--------------------------------------------------------------------
Generating 98 parsimony trees... 0.996 second
Computing log-likelihood of 98 initial trees ... 8.592 seconds
Current best score: -25583.842

Do NNI search on 20 best initial trees
Estimate model parameters (epsilon = 0.100)
BETTER TREE FOUND at iteration 1: -25583.762
Iteration 10 / LogL: -25620.964 / Time: 0h:1m:34s
Iteration 20 / LogL: -25621.638 / Time: 0h:1m:47s
Finish initializing candidate tree set (16)
Current best tree score: -25583.762 / CPU time: 33.315
Number of iterations: 20
--------------------------------------------------------------------
|               OPTIMIZING CANDIDATE TREE SET                      |
--------------------------------------------------------------------
BETTER TREE FOUND at iteration 24: -25583.760
Iteration 30 / LogL: -25625.501 / Time: 0h:2m:3s (0h:6m:39s left)
BETTER TREE FOUND at iteration 32: -25583.759
UPDATE BEST LOG-LIKELIHOOD: -25583.759
BETTER TREE FOUND at iteration 38: -25583.759
Iteration 40 / LogL: -26967.976 / Time: 0h:2m:21s (0h:5m:55s left)
BETTER TREE FOUND at iteration 41: -25583.759
UPDATE BEST LOG-LIKELIHOOD: -25583.758
Iteration 50 / LogL: -25583.758 / Time: 0h:2m:40s (0h:4m:57s left)
Log-likelihood cutoff on original alignment: -25648.697
Iteration 60 / LogL: -25583.869 / Time: 0h:2m:58s (0h:4m:5s left)
UPDATE BEST LOG-LIKELIHOOD: -25583.758
UPDATE BEST LOG-LIKELIHOOD: -25583.756
Iteration 70 / LogL: -25583.756 / Time: 0h:3m:18s (0h:3m:24s left)
BETTER TREE FOUND at iteration 75: -25583.753
Iteration 80 / LogL: -25584.981 / Time: 0h:3m:46s (0h:4m:32s left)
UPDATE BEST LOG-LIKELIHOOD: -25583.752
Iteration 90 / LogL: -25583.752 / Time: 0h:4m:10s (0h:3m:59s left)
UPDATE BEST LOG-LIKELIHOOD: -25583.751
Iteration 100 / LogL: -25583.874 / Time: 0h:4m:32s (0h:3m:26s left)
Log-likelihood cutoff on original alignment: -25648.509
NOTE: Bootstrap correlation coefficient of split occurrence frequencies: 0.927
NOTE: UFBoot does not converge, continue at least 100 more iterations
UPDATE BEST LOG-LIKELIHOOD: -25583.749
Iteration 110 / LogL: -25583.749 / Time: 0h:4m:55s (0h:4m:3s left)
UPDATE BEST LOG-LIKELIHOOD: -25583.749
Iteration 120 / LogL: -25583.869 / Time: 0h:5m:16s (0h:3m:32s left)
Iteration 130 / LogL: -25632.277 / Time: 0h:5m:42s (0h:3m:5s left)
Iteration 140 / LogL: -25583.751 / Time: 0h:6m:7s (0h:2m:38s left)
Iteration 150 / LogL: -26967.998 / Time: 0h:6m:26s (0h:2m:9s left)
Log-likelihood cutoff on original alignment: -25648.509
BETTER TREE FOUND at iteration 157: -25583.749
Iteration 160 / LogL: -25583.750 / Time: 0h:6m:48s (0h:4m:9s left)
Iteration 170 / LogL: -25589.918 / Time: 0h:7m:6s (0h:3m:39s left)
Iteration 180 / LogL: -25586.365 / Time: 0h:7m:23s (0h:3m:10s left)
Iteration 190 / LogL: -25631.972 / Time: 0h:7m:43s (0h:2m:44s left)
Iteration 200 / LogL: -25583.869 / Time: 0h:8m:3s (0h:2m:18s left)
Log-likelihood cutoff on original alignment: -25648.509
NOTE: Bootstrap correlation coefficient of split occurrence frequencies: 0.988
NOTE: UFBoot does not converge, continue at least 100 more iterations
UPDATE BEST LOG-LIKELIHOOD: -25583.748
Iteration 210 / LogL: -25594.375 / Time: 0h:8m:19s (0h:3m:35s left)
Iteration 220 / LogL: -25650.260 / Time: 0h:8m:38s (0h:3m:9s left)
Iteration 230 / LogL: -25666.873 / Time: 0h:8m:57s (0h:2m:44s left)
Iteration 240 / LogL: -25583.749 / Time: 0h:9m:18s (0h:2m:20s left)
Iteration 250 / LogL: -25583.749 / Time: 0h:9m:35s (0h:1m:55s left)
Log-likelihood cutoff on original alignment: -25648.509
WARNING: NNI search needs unusual large number of steps (20) to converge!
Iteration 260 / LogL: -25585.017 / Time: 0h:9m:52s (0h:1m:31s left)
Iteration 270 / LogL: -25583.869 / Time: 0h:10m:11s (0h:1m:8s left)
Iteration 280 / LogL: -25631.037 / Time: 0h:10m:30s (0h:0m:45s left)
Iteration 290 / LogL: -25586.357 / Time: 0h:10m:48s (0h:0m:22s left)
Iteration 300 / LogL: -25631.490 / Time: 0h:11m:13s (0h:0m:0s left)
Log-likelihood cutoff on original alignment: -25648.509
NOTE: Bootstrap correlation coefficient of split occurrence frequencies: 0.956
NOTE: UFBoot does not converge, continue at least 100 more iterations
Iteration 310 / LogL: -25583.869 / Time: 0h:11m:33s (0h:3m:21s left)
Iteration 320 / LogL: -25604.255 / Time: 0h:11m:52s (0h:2m:58s left)
Estimate model parameters (epsilon = 0.100)
UPDATE BEST LOG-LIKELIHOOD: -25583.657
Iteration 330 / LogL: -25583.657 / Time: 0h:12m:9s (0h:2m:35s left)
Iteration 340 / LogL: -25613.355 / Time: 0h:12m:25s (0h:2m:11s left)
Iteration 350 / LogL: -25583.746 / Time: 0h:12m:47s (0h:1m:49s left)
Log-likelihood cutoff on original alignment: -25648.509
Iteration 360 / LogL: -25585.114 / Time: 0h:13m:9s (0h:1m:27s left)
Iteration 370 / LogL: -25632.420 / Time: 0h:13m:26s (0h:1m:5s left)
Iteration 380 / LogL: -25583.745 / Time: 0h:13m:42s (0h:0m:43s left)
Iteration 390 / LogL: -25583.801 / Time: 0h:14m:2s (0h:0m:21s left)
Iteration 400 / LogL: -25583.679 / Time: 0h:14m:26s (0h:0m:0s left)
Log-likelihood cutoff on original alignment: -25648.509
NOTE: Bootstrap correlation coefficient of split occurrence frequencies: 0.953
NOTE: UFBoot does not converge, continue at least 100 more iterations
Iteration 410 / LogL: -25583.670 / Time: 0h:14m:42s (0h:3m:14s left)
Iteration 420 / LogL: -25583.756 / Time: 0h:15m:0s (0h:2m:51s left)
Iteration 430 / LogL: -25583.659 / Time: 0h:15m:21s (0h:2m:30s left)
Iteration 440 / LogL: -25583.679 / Time: 0h:15m:37s (0h:2m:8s left)
Iteration 450 / LogL: -26968.768 / Time: 0h:15m:56s (0h:1m:46s left)
Log-likelihood cutoff on original alignment: -25648.509
Iteration 460 / LogL: -25583.684 / Time: 0h:16m:12s (0h:1m:24s left)
Iteration 470 / LogL: -25584.913 / Time: 0h:16m:26s (0h:1m:3s left)
Iteration 480 / LogL: -25583.673 / Time: 0h:16m:41s (0h:0m:41s left)
Iteration 490 / LogL: -25583.700 / Time: 0h:16m:56s (0h:0m:20s left)
Iteration 500 / LogL: -26968.705 / Time: 0h:17m:18s (0h:0m:0s left)
Log-likelihood cutoff on original alignment: -25648.509
NOTE: Bootstrap correlation coefficient of split occurrence frequencies: 0.953
NOTE: UFBoot does not converge, continue at least 100 more iterations
Iteration 510 / LogL: -26970.158 / Time: 0h:17m:36s (0h:3m:6s left)
Iteration 520 / LogL: -25630.384 / Time: 0h:18m:5s (0h:2m:47s left)
Iteration 530 / LogL: -26968.712 / Time: 0h:18m:24s (0h:2m:26s left)
Iteration 540 / LogL: -25631.189 / Time: 0h:18m:43s (0h:2m:5s left)
Iteration 550 / LogL: -25583.934 / Time: 0h:19m:0s (0h:1m:43s left)
Log-likelihood cutoff on original alignment: -25648.509
Iteration 560 / LogL: -26968.712 / Time: 0h:19m:18s (0h:1m:22s left)
Iteration 570 / LogL: -25583.681 / Time: 0h:19m:34s (0h:1m:1s left)
Iteration 580 / LogL: -25584.189 / Time: 0h:19m:55s (0h:0m:41s left)
Iteration 590 / LogL: -25632.326 / Time: 0h:20m:15s (0h:0m:20s left)
Iteration 600 / LogL: -25583.826 / Time: 0h:20m:32s (0h:0m:0s left)
Log-likelihood cutoff on original alignment: -25647.953
NOTE: Bootstrap correlation coefficient of split occurrence frequencies: 0.970
NOTE: UFBoot does not converge, continue at least 100 more iterations
Iteration 610 / LogL: -25583.799 / Time: 0h:20m:50s (0h:3m:4s left)
Iteration 620 / LogL: -25583.679 / Time: 0h:21m:16s (0h:2m:44s left)
Iteration 630 / LogL: -25634.421 / Time: 0h:21m:34s (0h:2m:24s left)
UPDATE BEST LOG-LIKELIHOOD: -25583.654
Iteration 640 / LogL: -25583.679 / Time: 0h:21m:51s (0h:2m:3s left)
Iteration 650 / LogL: -25685.647 / Time: 0h:22m:8s (0h:1m:42s left)
Log-likelihood cutoff on original alignment: -25647.953
Iteration 660 / LogL: -25583.679 / Time: 0h:22m:25s (0h:1m:21s left)
Iteration 670 / LogL: -25584.937 / Time: 0h:22m:43s (0h:1m:1s left)
Iteration 680 / LogL: -25632.971 / Time: 0h:23m:2s (0h:0m:40s left)
Iteration 690 / LogL: -26968.712 / Time: 0h:23m:20s (0h:0m:20s left)
Iteration 700 / LogL: -26968.712 / Time: 0h:23m:37s (0h:0m:0s left)
Log-likelihood cutoff on original alignment: -25647.953
NOTE: Bootstrap correlation coefficient of split occurrence frequencies: 0.980
NOTE: UFBoot does not converge, continue at least 100 more iterations
Iteration 710 / LogL: -26973.055 / Time: 0h:23m:57s (0h:3m:2s left)
Iteration 720 / LogL: -25590.336 / Time: 0h:24m:20s (0h:2m:42s left)
Iteration 730 / LogL: -25585.047 / Time: 0h:24m:39s (0h:2m:22s left)
Iteration 740 / LogL: -25583.677 / Time: 0h:25m:1s (0h:2m:1s left)
Iteration 750 / LogL: -26969.999 / Time: 0h:25m:18s (0h:1m:41s left)
Log-likelihood cutoff on original alignment: -25647.953
Iteration 760 / LogL: -25583.801 / Time: 0h:25m:38s (0h:1m:21s left)
Iteration 770 / LogL: -25631.517 / Time: 0h:25m:53s (0h:1m:0s left)
Iteration 780 / LogL: -25583.657 / Time: 0h:26m:12s (0h:0m:40s left)
Iteration 790 / LogL: -25585.449 / Time: 0h:26m:29s (0h:0m:20s left)
Iteration 800 / LogL: -25583.679 / Time: 0h:26m:54s (0h:0m:0s left)
Log-likelihood cutoff on original alignment: -25647.953
NOTE: Bootstrap correlation coefficient of split occurrence frequencies: 0.983
NOTE: UFBoot does not converge, continue at least 100 more iterations
Iteration 810 / LogL: -25583.679 / Time: 0h:27m:15s (0h:3m:1s left)
Iteration 820 / LogL: -25589.399 / Time: 0h:27m:32s (0h:2m:41s left)
Iteration 830 / LogL: -25583.801 / Time: 0h:27m:48s (0h:2m:20s left)
Iteration 840 / LogL: -25603.610 / Time: 0h:28m:3s (0h:2m:0s left)
Iteration 850 / LogL: -25583.679 / Time: 0h:28m:22s (0h:1m:40s left)
Log-likelihood cutoff on original alignment: -25647.953
Iteration 860 / LogL: -25583.679 / Time: 0h:28m:42s (0h:1m:20s left)
Iteration 870 / LogL: -25589.575 / Time: 0h:29m:0s (0h:1m:0s left)
Iteration 880 / LogL: -25583.778 / Time: 0h:29m:21s (0h:0m:40s left)
Iteration 890 / LogL: -25583.657 / Time: 0h:29m:39s (0h:0m:20s left)
Iteration 900 / LogL: -25585.501 / Time: 0h:29m:58s (0h:0m:0s left)
Log-likelihood cutoff on original alignment: -25647.953
NOTE: Bootstrap correlation coefficient of split occurrence frequencies: 0.987
NOTE: UFBoot does not converge, continue at least 100 more iterations
Iteration 910 / LogL: -25595.130 / Time: 0h:30m:13s (0h:2m:59s left)
Iteration 920 / LogL: -25631.478 / Time: 0h:30m:33s (0h:2m:39s left)
Iteration 930 / LogL: -25583.663 / Time: 0h:30m:51s (0h:2m:19s left)
Iteration 940 / LogL: -25638.879 / Time: 0h:31m:11s (0h:1m:59s left)
Iteration 950 / LogL: -25583.670 / Time: 0h:31m:27s (0h:1m:39s left)
Log-likelihood cutoff on original alignment: -25647.953
Iteration 960 / LogL: -25585.047 / Time: 0h:31m:48s (0h:1m:19s left)
Iteration 970 / LogL: -25630.385 / Time: 0h:32m:14s (0h:0m:59s left)
Iteration 980 / LogL: -25583.801 / Time: 0h:32m:35s (0h:0m:39s left)
Iteration 990 / LogL: -25631.954 / Time: 0h:32m:52s (0h:0m:19s left)
Iteration 1000 / LogL: -25631.061 / Time: 0h:33m:11s (0h:0m:0s left)
Log-likelihood cutoff on original alignment: -25647.953
NOTE: Bootstrap correlation coefficient of split occurrence frequencies: 0.993
TREE SEARCH COMPLETED AFTER 1000 ITERATIONS / Time: 0h:33m:11s

--------------------------------------------------------------------
|                    FINALIZING TREE SEARCH                        |
--------------------------------------------------------------------
Performs final model parameters optimization
Estimate model parameters (epsilon = 0.010)
1. Initial log-likelihood: -25583.654
2. Current log-likelihood: -25583.591
3. Current log-likelihood: -25583.535
4. Current log-likelihood: -25583.486
5. Current log-likelihood: -25583.443
6. Current log-likelihood: -25583.404
7. Current log-likelihood: -25583.369
8. Current log-likelihood: -25583.339
9. Current log-likelihood: -25583.312
10. Current log-likelihood: -25583.287
11. Current log-likelihood: -25583.266
12. Current log-likelihood: -25583.247
13. Current log-likelihood: -25583.230
14. Current log-likelihood: -25583.215
15. Current log-likelihood: -25583.201
16. Current log-likelihood: -25583.189
17. Current log-likelihood: -25583.178
Optimal log-likelihood: -25583.169
Proportion of invariable sites: 0.160
Gamma shape alpha: 0.317
Parameters optimization took 17 rounds (4.122 sec)
BEST SCORE FOUND : -25583.169
Creating bootstrap support values...
Split supports printed to NEXUS file clus_khaten.splits.nex
Total tree length: 22.293

Total number of iterations: 1000
CPU time used for tree search: 1914.819 sec (0h:31m:54s)
Wall-clock time used for tree search: 1917.834 sec (0h:31m:57s)
Total CPU time used: 1993.104 sec (0h:33m:13s)
Total wall-clock time used: 1996.166 sec (0h:33m:16s)

Computing bootstrap consensus tree...
Reading input file clus_khaten.splits.nex...
20 taxa and 200 splits.
Consensus tree written to clus_khaten.contree
Reading input trees file clus_khaten.contree
Log-likelihood of consensus tree: -25631.582

Analysis results written to: 
  IQ-TREE report:                clus_khaten.iqtree
  Maximum-likelihood tree:       clus_khaten.treefile
  Likelihood distances:          clus_khaten.mldist

Ultrafast bootstrap approximation results written to:
  Split support values:          clus_khaten.splits.nex
  Consensus tree:                clus_khaten.contree
  Screen log file:               clus_khaten.log

Date and Time: Thu Aug 13 18:01:17 2020
